Commit ID bd8903e15e4acaf331c543161d0e5812f0ce6e6f was launched on dedicated c5.large AWS server when commit ID b7dfd6ccb6f33f42727159b182ff9e39ac2df504 was already running on another server
It started with latest log from the other running version: `DEADENDS_COUNT=9987000000 LOGGED_PIECES='[{"variant":{"x":3,"y":2,"z":2},"coords":{"x":2,"y":3,"z":3},"name":"Big"},{"variant":{"x":2,"y":3,"z":2},"coords":{"x":0,"y":2,"z":0},"name":"Big"},{"variant":{"x":2,"y":2,"z":3},"coords":{"x":0,"y":2,"z":2},"name":"Big"},{"variant":{"x":2,"y":2,"z":3},"coords":{"x":3,"y":0,"z":0},"name":"Big"},{"variant":{"x":2,"y":3,"z":2},"coords":{"x":3,"y":2,"z":0},"name":"Big"},{"variant":{"x":2,"y":3,"z":2},"coords":{"x":3,"y":0,"z":3},"name":"Big"},{"variant":{"x":1,"y":2,"z":4},"coords":{"x":0,"y":0,"z":0},"name":"Flat"},{"variant":{"x":2,"y":1,"z":4},"coords":{"x":1,"y":0,"z":1},"name":"Flat"},{"variant":{"x":1,"y":4,"z":2},"coords":{"x":2,"y":1,"z":1},"name":"Flat"}]' nohup npm start & disown`
It assumed that all pieces before the logged ones were dead ends.
Because of memory limitations, configuration of only first 3 pieces is cached and the program can resume only knowing which configurations of first 3 pieces resulted in dead ends. 
To elaborate, if the script changes config of the first three pieces while looking for a solution, the previous config is marked as dead end
It had to re-check 1 800 476 deadends because of this limitation
It found 2 202 351 405 dead ends
It finished in 13 hours 23 minutes
The average speed was: 45 684 dead ends per second

SOLUTION: [
  {
    "name": "Big",
    "variant": [
      3,
      2,
      2
    ],
    "coords": [
      2,
      3,
      2
    ]
  },
  {
    "name": "Big",
    "variant": [
      3,
      2,
      2
    ],
    "coords": [
      0,
      0,
      1
    ]
  },
  {
    "name": "Big",
    "variant": [
      2,
      2,
      3
    ],
    "coords": [
      3,
      1,
      2
    ]
  },
  {
    "name": "Big",
    "variant": [
      2,
      2,
      3
    ],
    "coords": [
      0,
      2,
      0
    ]
  },
  {
    "name": "Big",
    "variant": [
      2,
      3,
      2
    ],
    "coords": [
      2,
      2,
      0
    ]
  },
  {
    "name": "Big",
    "variant": [
      2,
      3,
      2
    ],
    "coords": [
      1,
      0,
      3
    ]
  },
  {
    "name": "Flat",
    "variant": [
      1,
      4,
      2
    ],
    "coords": [
      4,
      1,
      0
    ]
  },
  {
    "name": "Flat",
    "variant": [
      1,
      4,
      2
    ],
    "coords": [
      0,
      0,
      3
    ]
  },
  {
    "name": "Flat",
    "variant": [
      4,
      2,
      1
    ],
    "coords": [
      1,
      3,
      4
    ]
  },
  {
    "name": "Flat",
    "variant": [
      4,
      2,
      1
    ],
    "coords": [
      0,
      0,
      0
    ]
  },
  {
    "name": "Flat",
    "variant": [
      2,
      1,
      4
    ],
    "coords": [
      3,
      0,
      1
    ]
  },
  {
    "name": "Flat",
    "variant": [
      2,
      1,
      4
    ],
    "coords": [
      0,
      4,
      0
    ]
  },
  {
    "name": "Tiny",
    "variant": [
      1,
      1,
      1
    ],
    "coords": [
      4,
      0,
      0
    ]
  },
  {
    "name": "Tiny",
    "variant": [
      1,
      1,
      1
    ],
    "coords": [
      3,
      1,
      1
    ]
  },
  {
    "name": "Tiny",
    "variant": [
      1,
      1,
      1
    ],
    "coords": [
      2,
      2,
      2
    ]
  },
  {
    "name": "Tiny",
    "variant": [
      1,
      1,
      1
    ],
    "coords": [
      1,
      3,
      3
    ]
  },
  {
    "name": "Tiny",
    "variant": [
      1,
      1,
      1
    ],
    "coords": [
      0,
      4,
      4
    ]
  }
]
Time passed: 48208323.861ms
Total dead ends: 12189351405